Learn_Unity/Temp/gradleOut/launcher/build/intermediates/manifest_merge_blame_file/debug/manifest-merger-blame-debug-report.txt
1<?xml version="1.0" encoding="utf-8"?>
2<!-- GENERATED BY UNITY. REMOVE THIS COMMENT TO PREVENT OVERWRITING WHEN EXPORTING AGAIN -->
3<manifest xmlns:android="http://schemas.android.com/apk/res/android"
4    package="com.DefaultCompany.Learn_Unity"
5    android:installLocation="preferExternal"
6    android:versionCode="1"
7    android:versionName="0.1" >
8
9    <uses-sdk
10        android:minSdkVersion="19"
10-->src/main/AndroidManifest.xml
11        android:targetSdkVersion="29" />
11-->src/main/AndroidManifest.xml
12
13    <supports-screens
13-->src/main/AndroidManifest.xml:4:3-163
14        android:anyDensity="true"
14-->src/main/AndroidManifest.xml:4:135-160
15        android:largeScreens="true"
15-->src/main/AndroidManifest.xml:4:78-105
16        android:normalScreens="true"
16-->src/main/AndroidManifest.xml:4:49-77
17        android:smallScreens="true"
17-->src/main/AndroidManifest.xml:4:21-48
18        android:xlargeScreens="true" />
18-->src/main/AndroidManifest.xml:4:106-134
19
20    <uses-feature android:glEsVersion="0x00030000" />
20-->[:unityLibrary] AndroidManifest.xml:13:5-54
20-->[:unityLibrary] AndroidManifest.xml:13:19-51
21    <uses-feature
21-->[:unityLibrary] AndroidManifest.xml:14:5-16:36
22        android:name="android.hardware.vulkan.version"
22-->[:unityLibrary] AndroidManifest.xml:15:9-55
23        android:required="false" />
23-->[:unityLibrary] AndroidManifest.xml:16:9-33
24
25    <uses-permission android:name="android.permission.INTERNET" />
25-->[:unityLibrary] AndroidManifest.xml:18:5-67
25-->[:unityLibrary] AndroidManifest.xml:18:22-64
26    <uses-permission android:name="android.permission.CAMERA" />
26-->[:unityLibrary] AndroidManifest.xml:19:5-65
26-->[:unityLibrary] AndroidManifest.xml:19:22-62
27
28    <uses-feature
28-->[:unityLibrary] AndroidManifest.xml:21:5-23:36
29        android:name="android.hardware.camera"
29-->[:unityLibrary] AndroidManifest.xml:22:9-47
30        android:required="false" />
30-->[:unityLibrary] AndroidManifest.xml:23:9-33
31    <uses-feature
31-->[:unityLibrary] AndroidManifest.xml:24:5-26:36
32        android:name="android.hardware.camera.autofocus"
32-->[:unityLibrary] AndroidManifest.xml:25:9-57
33        android:required="false" />
33-->[:unityLibrary] AndroidManifest.xml:26:9-33
34    <uses-feature
34-->[:unityLibrary] AndroidManifest.xml:27:5-29:36
35        android:name="android.hardware.camera.front"
35-->[:unityLibrary] AndroidManifest.xml:28:9-53
36        android:required="false" />
36-->[:unityLibrary] AndroidManifest.xml:29:9-33
37    <uses-feature
37-->[:unityLibrary] AndroidManifest.xml:30:5-32:36
38        android:name="android.hardware.touchscreen"
38-->[:unityLibrary] AndroidManifest.xml:31:9-52
39        android:required="false" />
39-->[:unityLibrary] AndroidManifest.xml:32:9-33
40    <uses-feature
40-->[:unityLibrary] AndroidManifest.xml:33:5-35:36
41        android:name="android.hardware.touchscreen.multitouch"
41-->[:unityLibrary] AndroidManifest.xml:34:9-63
42        android:required="false" />
42-->[:unityLibrary] AndroidManifest.xml:35:9-33
43    <uses-feature
43-->[:unityLibrary] AndroidManifest.xml:36:5-38:36
44        android:name="android.hardware.touchscreen.multitouch.distinct"
44-->[:unityLibrary] AndroidManifest.xml:37:9-72
45        android:required="false" />
45-->[:unityLibrary] AndroidManifest.xml:38:9-33
46
47    <uses-permission android:name="android.permission.READ_EXTERNAL_STORAGE" />
47-->[:NativeGallery:] AndroidManifest.xml:4:2-98
47-->[:NativeGallery:] AndroidManifest.xml:4:19-74
48
49    <application
49-->src/main/AndroidManifest.xml:5:3-116
50        android:debuggable="true"
51        android:extractNativeLibs="true"
51-->src/main/AndroidManifest.xml:5:16-48
52        android:icon="@mipmap/app_icon"
52-->src/main/AndroidManifest.xml:5:82-113
53        android:label="@string/app_name"
53-->src/main/AndroidManifest.xml:5:49-81
54        android:requestLegacyExternalStorage="true" >
54-->[:NativeGallery:] AndroidManifest.xml:5:15-58
55        <activity
55-->[:unityLibrary] AndroidManifest.xml:41:9-60:20
56            android:name="com.unity3d.player.UnityPlayerActivity"
56-->[:unityLibrary] AndroidManifest.xml:42:13-66
57            android:configChanges="mcc|mnc|locale|touchscreen|keyboard|keyboardHidden|navigation|orientation|screenLayout|uiMode|screenSize|smallestScreenSize|fontScale|layoutDirection|density"
57-->[:unityLibrary] AndroidManifest.xml:43:13-194
58            android:hardwareAccelerated="false"
58-->[:unityLibrary] AndroidManifest.xml:44:13-48
59            android:launchMode="singleTask"
59-->[:unityLibrary] AndroidManifest.xml:45:13-44
60            android:screenOrientation="fullSensor"
60-->[:unityLibrary] AndroidManifest.xml:46:13-51
61            android:theme="@style/UnityThemeSelector" >
61-->[:unityLibrary] AndroidManifest.xml:47:13-54
62            <intent-filter>
62-->[:unityLibrary] AndroidManifest.xml:48:13-52:29
63                <action android:name="android.intent.action.MAIN" />
63-->[:unityLibrary] AndroidManifest.xml:49:17-69
63-->[:unityLibrary] AndroidManifest.xml:49:25-66
64
65                <category android:name="android.intent.category.LAUNCHER" />
65-->[:unityLibrary] AndroidManifest.xml:51:17-77
65-->[:unityLibrary] AndroidManifest.xml:51:27-74
66            </intent-filter>
67
68            <meta-data
68-->[:unityLibrary] AndroidManifest.xml:54:13-56:40
69                android:name="unityplayer.UnityActivity"
69-->[:unityLibrary] AndroidManifest.xml:55:17-57
70                android:value="true" />
70-->[:unityLibrary] AndroidManifest.xml:56:17-37
71            <meta-data
71-->[:unityLibrary] AndroidManifest.xml:57:13-59:40
72                android:name="android.notch_support"
72-->[:unityLibrary] AndroidManifest.xml:58:17-53
73                android:value="true" />
73-->[:unityLibrary] AndroidManifest.xml:59:17-37
74        </activity>
75
76        <meta-data
76-->[:unityLibrary] AndroidManifest.xml:62:9-64:33
77            android:name="unity.splash-mode"
77-->[:unityLibrary] AndroidManifest.xml:63:13-45
78            android:value="0" />
78-->[:unityLibrary] AndroidManifest.xml:64:13-30
79        <meta-data
79-->[:unityLibrary] AndroidManifest.xml:65:9-67:36
80            android:name="unity.splash-enable"
80-->[:unityLibrary] AndroidManifest.xml:66:13-47
81            android:value="True" />
81-->[:unityLibrary] AndroidManifest.xml:67:13-33
82        <meta-data
82-->[:unityLibrary] AndroidManifest.xml:68:9-70:50
83            android:name="notch.config"
83-->[:unityLibrary] AndroidManifest.xml:69:13-40
84            android:value="portrait|landscape" />
84-->[:unityLibrary] AndroidManifest.xml:70:13-47
85        <meta-data
85-->[:unityLibrary] AndroidManifest.xml:71:9-73:68
86            android:name="unity.build-id"
86-->[:unityLibrary] AndroidManifest.xml:72:13-42
87            android:value="f388453b-13cf-4f62-8a24-efbe5153f5a2" />
87-->[:unityLibrary] AndroidManifest.xml:73:13-65
88    </application>
89
90</manifest>